# JRE version: Java(TM) SE Runtime Environment (8.0_251-b08) (build 1.8.0_251-b08)
# Java VM: Java HotSpot(TM) 64-Bit Server VM (25.251-b08 mixed mode windows-amd64 compressed oops)
Heap:
 PSYoungGen      total 138752K, used 100828K [0x00000000f5580000, 0x00000000fff00000, 0x0000000100000000)
  eden space 104960K, 91% used [0x00000000f5580000,0x00000000fb3902c0,0x00000000fbc00000)
  from space 33792K, 13% used [0x00000000fbc00000,0x00000000fc0670d8,0x00000000fdd00000)
  to   space 32768K, 0% used [0x00000000fdf00000,0x00000000fdf00000,0x00000000fff00000)
 ParOldGen       total 290816K, used 105602K [0x00000000e0000000, 0x00000000f1c00000, 0x00000000f5580000)
  object space 290816K, 36% used [0x00000000e0000000,0x00000000e6720a98,0x00000000f1c00000)
 Metaspace       used 87946K, capacity 93000K, committed 93144K, reserved 1130496K
  class space    used 11946K, capacity 12915K, committed 13016K, reserved 1048576K
GC Heap History (10 events):
Event: 172.610 GC heap before
{Heap before GC invocations=26 (full 3):
 PSYoungGen      total 135168K, used 106221K [0x00000000f5580000, 0x00000000ffe80000, 0x0000000100000000)
  eden space 98304K, 100% used [0x00000000f5580000,0x00000000fb580000,0x00000000fb580000)
  from space 36864K, 21% used [0x00000000fda80000,0x00000000fe23b440,0x00000000ffe80000)
  to   space 37376K, 0% used [0x00000000fb580000,0x00000000fb580000,0x00000000fda00000)
 ParOldGen       total 290816K, used 91332K [0x00000000e0000000, 0x00000000f1c00000, 0x00000000f5580000)
  object space 290816K, 31% used [0x00000000e0000000,0x00000000e59311f8,0x00000000f1c00000)
 Metaspace       used 78801K, capacity 82480K, committed 82776K, reserved 1120256K
  class space    used 10541K, capacity 11271K, committed 11352K, reserved 1048576K
Event: 172.622 GC heap after
Heap after GC invocations=26 (full 3):
 PSYoungGen      total 135680K, used 10117K [0x00000000f5580000, 0x00000000ffd80000, 0x0000000100000000)
  eden space 98304K, 0% used [0x00000000f5580000,0x00000000f5580000,0x00000000fb580000)
  from space 37376K, 27% used [0x00000000fb580000,0x00000000fbf61458,0x00000000fda00000)
  to   space 35840K, 0% used [0x00000000fda80000,0x00000000fda80000,0x00000000ffd80000)
 ParOldGen       total 290816K, used 92176K [0x00000000e0000000, 0x00000000f1c00000, 0x00000000f5580000)
  object space 290816K, 31% used [0x00000000e0000000,0x00000000e5a04388,0x00000000f1c00000)
 Metaspace       used 78801K, capacity 82480K, committed 82776K, reserved 1120256K
  class space    used 10541K, capacity 11271K, committed 11352K, reserved 1048576K
}
Event: 173.084 GC heap before
{Heap before GC invocations=27 (full 3):
 PSYoungGen      total 135680K, used 108421K [0x00000000f5580000, 0x00000000ffd80000, 0x0000000100000000)
  eden space 98304K, 100% used [0x00000000f5580000,0x00000000fb580000,0x00000000fb580000)
  from space 37376K, 27% used [0x00000000fb580000,0x00000000fbf61458,0x00000000fda00000)
  to   space 35840K, 0% used [0x00000000fda80000,0x00000000fda80000,0x00000000ffd80000)
 ParOldGen       total 290816K, used 92176K [0x00000000e0000000, 0x00000000f1c00000, 0x00000000f5580000)
  object space 290816K, 31% used [0x00000000e0000000,0x00000000e5a04388,0x00000000f1c00000)
 Metaspace       used 79222K, capacity 82804K, committed 83032K, reserved 1120256K
  class space    used 10592K, capacity 11313K, committed 11352K, reserved 1048576K
Event: 173.095 GC heap after
Heap after GC invocations=27 (full 3):
 PSYoungGen      total 136192K, used 4900K [0x00000000f5580000, 0x00000000ffc80000, 0x0000000100000000)
  eden space 101376K, 0% used [0x00000000f5580000,0x00000000f5580000,0x00000000fb880000)
  from space 34816K, 14% used [0x00000000fda80000,0x00000000fdf49340,0x00000000ffc80000)
  to   space 34816K, 0% used [0x00000000fb880000,0x00000000fb880000,0x00000000fda80000)
 ParOldGen       total 290816K, used 96005K [0x00000000e0000000, 0x00000000f1c00000, 0x00000000f5580000)
  object space 290816K, 33% used [0x00000000e0000000,0x00000000e5dc16e0,0x00000000f1c00000)
 Metaspace       used 79222K, capacity 82804K, committed 83032K, reserved 1120256K
  class space    used 10592K, capacity 11313K, committed 11352K, reserved 1048576K
}
Event: 173.427 GC heap before
{Heap before GC invocations=28 (full 3):
 PSYoungGen      total 136192K, used 106276K [0x00000000f5580000, 0x00000000ffc80000, 0x0000000100000000)
  eden space 101376K, 100% used [0x00000000f5580000,0x00000000fb880000,0x00000000fb880000)
  from space 34816K, 14% used [0x00000000fda80000,0x00000000fdf49340,0x00000000ffc80000)
  to   space 34816K, 0% used [0x00000000fb880000,0x00000000fb880000,0x00000000fda80000)
 ParOldGen       total 290816K, used 96005K [0x00000000e0000000, 0x00000000f1c00000, 0x00000000f5580000)
  object space 290816K, 33% used [0x00000000e0000000,0x00000000e5dc16e0,0x00000000f1c00000)
 Metaspace       used 79491K, capacity 83072K, committed 83416K, reserved 1122304K
  class space    used 10620K, capacity 11353K, committed 11480K, reserved 1048576K
Event: 173.434 GC heap after
Heap after GC invocations=28 (full 3):
 PSYoungGen      total 136192K, used 1966K [0x00000000f5580000, 0x0000000100000000, 0x0000000100000000)
  eden space 101376K, 0% used [0x00000000f5580000,0x00000000f5580000,0x00000000fb880000)
  from space 34816K, 5% used [0x00000000fb880000,0x00000000fba6b9d8,0x00000000fda80000)
  to   space 34816K, 0% used [0x00000000fde00000,0x00000000fde00000,0x0000000100000000)
 ParOldGen       total 290816K, used 96841K [0x00000000e0000000, 0x00000000f1c00000, 0x00000000f5580000)
  object space 290816K, 33% used [0x00000000e0000000,0x00000000e5e926f0,0x00000000f1c00000)
 Metaspace       used 79491K, capacity 83072K, committed 83416K, reserved 1122304K
  class space    used 10620K, capacity 11353K, committed 11480K, reserved 1048576K
}
Event: 176.011 GC heap before
{Heap before GC invocations=29 (full 3):
 PSYoungGen      total 136192K, used 103342K [0x00000000f5580000, 0x0000000100000000, 0x0000000100000000)
  eden space 101376K, 100% used [0x00000000f5580000,0x00000000fb880000,0x00000000fb880000)
  from space 34816K, 5% used [0x00000000fb880000,0x00000000fba6b9d8,0x00000000fda80000)
  to   space 34816K, 0% used [0x00000000fde00000,0x00000000fde00000,0x0000000100000000)
 ParOldGen       total 290816K, used 96841K [0x00000000e0000000, 0x00000000f1c00000, 0x00000000f5580000)
  object space 290816K, 33% used [0x00000000e0000000,0x00000000e5e926f0,0x00000000f1c00000)
 Metaspace       used 85413K, capacity 89778K, committed 89816K, reserved 1126400K
  class space    used 11605K, capacity 12478K, committed 12504K, reserved 1048576K
Event: 176.023 GC heap after
Heap after GC invocations=29 (full 3):
 PSYoungGen      total 137728K, used 15462K [0x00000000f5580000, 0x00000000ffe00000, 0x0000000100000000)
  eden space 104960K, 0% used [0x00000000f5580000,0x00000000f5580000,0x00000000fbc00000)
  from space 32768K, 47% used [0x00000000fde00000,0x00000000fed19be8,0x00000000ffe00000)
  to   space 33792K, 0% used [0x00000000fbc00000,0x00000000fbc00000,0x00000000fdd00000)
 ParOldGen       total 290816K, used 98417K [0x00000000e0000000, 0x00000000f1c00000, 0x00000000f5580000)
  object space 290816K, 33% used [0x00000000e0000000,0x00000000e601c720,0x00000000f1c00000)
 Metaspace       used 85413K, capacity 89778K, committed 89816K, reserved 1126400K
  class space    used 11605K, capacity 12478K, committed 12504K, reserved 1048576K
}
Event: 176.949 GC heap before
{Heap before GC invocations=30 (full 3):
 PSYoungGen      total 137728K, used 120401K [0x00000000f5580000, 0x00000000ffe00000, 0x0000000100000000)
  eden space 104960K, 99% used [0x00000000f5580000,0x00000000fbbfa8f8,0x00000000fbc00000)
  from space 32768K, 47% used [0x00000000fde00000,0x00000000fed19be8,0x00000000ffe00000)
  to   space 33792K, 0% used [0x00000000fbc00000,0x00000000fbc00000,0x00000000fdd00000)
 ParOldGen       total 290816K, used 98417K [0x00000000e0000000, 0x00000000f1c00000, 0x00000000f5580000)
  object space 290816K, 33% used [0x00000000e0000000,0x00000000e601c720,0x00000000f1c00000)
 Metaspace       used 87587K, capacity 92716K, committed 92888K, reserved 1128448K
  class space    used 11912K, capacity 12911K, committed 13016K, reserved 1048576K
Event: 176.958 GC heap after
Heap after GC invocations=30 (full 3):
 PSYoungGen      total 138752K, used 4508K [0x00000000f5580000, 0x00000000fff00000, 0x0000000100000000)
  eden space 104960K, 0% used [0x00000000f5580000,0x00000000f5580000,0x00000000fbc00000)
  from space 33792K, 13% used [0x00000000fbc00000,0x00000000fc0670d8,0x00000000fdd00000)
  to   space 32768K, 0% used [0x00000000fdf00000,0x00000000fdf00000,0x00000000fff00000)
 ParOldGen       total 290816K, used 105602K [0x00000000e0000000, 0x00000000f1c00000, 0x00000000f5580000)
  object space 290816K, 36% used [0x00000000e0000000,0x00000000e6720a98,0x00000000f1c00000)
 Metaspace       used 87587K, capacity 92716K, committed 92888K, reserved 1128448K
  class space    used 11912K, capacity 12911K, committed 13016K, reserved 1048576K
}

